<?xml version="1.0" encoding="UTF-8"?>
<testsuite name="ece448.iot_sim.PlugSimTests" tests="2" skipped="0" failures="0" errors="0" timestamp="2025-01-28T03:56:30" hostname="iit" time="0.173">
  <properties/>
  <testcase name="testInit" classname="ece448.iot_sim.PlugSimTests" time="0.172"/>
  <testcase name="testSwitchOn" classname="ece448.iot_sim.PlugSimTests" time="0.0"/>
  <system-out><![CDATA[]]></system-out>
  <system-err><![CDATA[]]></system-err>
</testsuite>
