<?xml version="1.0" encoding="UTF-8"?>
<testsuite name="ece448.iot_sim.HTTPCommandsTests" tests="8" skipped="0" failures="0" errors="0" timestamp="2025-02-25T18:06:51" hostname="iit" time="0.012">
  <properties/>
  <testcase name="testSwitchOnPlug" classname="ece448.iot_sim.HTTPCommandsTests" time="0.004"/>
  <testcase name="testTogglePlug" classname="ece448.iot_sim.HTTPCommandsTests" time="0.001"/>
  <testcase name="testReportAfterSwitchOn" classname="ece448.iot_sim.HTTPCommandsTests" time="0.001"/>
  <testcase name="testReportAfterToggle" classname="ece448.iot_sim.HTTPCommandsTests" time="0.001"/>
  <testcase name="testListPlugs" classname="ece448.iot_sim.HTTPCommandsTests" time="0.002"/>
  <testcase name="testTogglePlugTwice" classname="ece448.iot_sim.HTTPCommandsTests" time="0.002"/>
  <testcase name="testReportSinglePlug" classname="ece448.iot_sim.HTTPCommandsTests" time="0.001"/>
  <testcase name="testSwitchOffPlug" classname="ece448.iot_sim.HTTPCommandsTests" time="0.0"/>
  <system-out><![CDATA[2025-02-25 12:06:51,149 INFO HTTPCmd /testPlug: {action=on}
2025-02-25 12:06:51,151 INFO HTTPCmd /testPlug: {action=toggle}
2025-02-25 12:06:51,152 INFO HTTPCmd /testPlug: {action=on}
2025-02-25 12:06:51,153 INFO HTTPCmd /testPlug: {}
2025-02-25 12:06:51,153 INFO HTTPCmd /testPlug: {action=toggle}
2025-02-25 12:06:51,154 INFO HTTPCmd /testPlug: {}
2025-02-25 12:06:51,155 INFO HTTPCmd /: {}
2025-02-25 12:06:51,156 INFO HTTPCmd /testPlug: {action=toggle}
2025-02-25 12:06:51,157 INFO HTTPCmd /testPlug: {action=toggle}
2025-02-25 12:06:51,158 INFO HTTPCmd /testPlug: {}
2025-02-25 12:06:51,159 INFO HTTPCmd /testPlug: {action=off}
]]></system-out>
  <system-err><![CDATA[]]></system-err>
</testsuite>
