<?xml version="1.0" encoding="UTF-8"?>
<testsuite name="ece448.iot_sim.MQTTCommandsTest" tests="6" skipped="0" failures="0" errors="0" timestamp="2025-04-14T05:48:57" hostname="iit" time="1.97">
  <properties/>
  <testcase name="testMQTTUpdatesGetTopic" classname="ece448.iot_sim.MQTTCommandsTest" time="0.396"/>
  <testcase name="testGetTopic" classname="ece448.iot_sim.MQTTCommandsTest" time="0.314"/>
  <testcase name="testMQTTUpdatesGetMessage" classname="ece448.iot_sim.MQTTCommandsTest" time="0.315"/>
  <testcase name="testMQTTUpdatesGetMessageDifferentValue" classname="ece448.iot_sim.MQTTCommandsTest" time="0.312"/>
  <testcase name="testHandleMessageInvalidTopic" classname="ece448.iot_sim.MQTTCommandsTest" time="0.316"/>
  <testcase name="testHandleMessageNonexistentPlug" classname="ece448.iot_sim.MQTTCommandsTest" time="0.314"/>
  <system-out><![CDATA[2025-04-14 00:48:59,602 WARN Invalid topic format: invalid/topic
2025-04-14 00:48:59,917 WARN Plug not found: nonexistent
]]></system-out>
  <system-err><![CDATA[]]></system-err>
</testsuite>
