<?xml version="1.0" encoding="UTF-8"?>
<testsuite name="ece448.iot_hub.MqttControllerTest" tests="25" skipped="0" failures="0" errors="0" timestamp="2025-04-18T20:09:38" hostname="iit" time="0.066">
  <properties/>
  <testcase name="testTransmitMqttMessageDirectly" classname="ece448.iot_hub.MqttControllerTest" time="0.003"/>
  <testcase name="testGetPower" classname="ece448.iot_hub.MqttControllerTest" time="0.002"/>
  <testcase name="testGetState" classname="ece448.iot_hub.MqttControllerTest" time="0.002"/>
  <testcase name="testCloseWithException" classname="ece448.iot_hub.MqttControllerTest" time="0.002"/>
  <testcase name="testClose" classname="ece448.iot_hub.MqttControllerTest" time="0.002"/>
  <testcase name="testStartSuccess" classname="ece448.iot_hub.MqttControllerTest" time="0.002"/>
  <testcase name="testprocessIncomingMessageMalformedTopic" classname="ece448.iot_hub.MqttControllerTest" time="0.002"/>
  <testcase name="testProcessIncomingMessageUnknownType" classname="ece448.iot_hub.MqttControllerTest" time="0.001"/>
  <testcase name="testProcessIncomingMessageWithNestedTestCases" classname="ece448.iot_hub.MqttControllerTest" time="0.002"/>
  <testcase name="testStartFailure" classname="ece448.iot_hub.MqttControllerTest" time="0.011"/>
  <testcase name="testPublishActionSuccess" classname="ece448.iot_hub.MqttControllerTest" time="0.003"/>
  <testcase name="testPublishActionDisconnected" classname="ece448.iot_hub.MqttControllerTest" time="0.002"/>
  <testcase name="testProcessIncomingMessageWrongAction" classname="ece448.iot_hub.MqttControllerTest" time="0.001"/>
  <testcase name="testCloseWithNullClient" classname="ece448.iot_hub.MqttControllerTest" time="0.001"/>
  <testcase name="testPublishActionNullClient" classname="ece448.iot_hub.MqttControllerTest" time="0.001"/>
  <testcase name="testProcessIncomingMessageMalformedTopic" classname="ece448.iot_hub.MqttControllerTest" time="0.002"/>
  <testcase name="testPublishActionException" classname="ece448.iot_hub.MqttControllerTest" time="0.012"/>
  <testcase name="testProcessIncomingMessageWithPrefixEdgeCases" classname="ece448.iot_hub.MqttControllerTest" time="0.001"/>
  <testcase name="testGetPowers" classname="ece448.iot_hub.MqttControllerTest" time="0.002"/>
  <testcase name="testCloseWithDisconnectException" classname="ece448.iot_hub.MqttControllerTest" time="0.006"/>
  <testcase name="testGetStates" classname="ece448.iot_hub.MqttControllerTest" time="0.002"/>
  <testcase name="testProcessIncomingMessagePower" classname="ece448.iot_hub.MqttControllerTest" time="0.0"/>
  <testcase name="testProcessIncomingMessageState" classname="ece448.iot_hub.MqttControllerTest" time="0.001"/>
  <testcase name="testProcessIncomingMessageWithEmptyTopic" classname="ece448.iot_hub.MqttControllerTest" time="0.0"/>
  <testcase name="testConstructor" classname="ece448.iot_hub.MqttControllerTest" time="0.001"/>
  <system-out><![CDATA[2025-04-18 15:09:38,302 INFO Initializing MQTT Controller - Broker: tcp://localhost:1883, Client ID: test_client, Topic Prefix: test_prefix
2025-04-18 15:09:38,303 INFO Initializing MQTT Controller - Broker: tcp://localhost:1883, Client ID: test_client, Topic Prefix: test_prefix
2025-04-18 15:09:38,304 INFO Successfully connected to MQTT broker: tcp://localhost:1883
2025-04-18 15:09:38,305 INFO Initializing MQTT Controller - Broker: tcp://localhost:1883, Client ID: test_client, Topic Prefix: test_prefix
2025-04-18 15:09:38,307 INFO Initializing MQTT Controller - Broker: tcp://localhost:1883, Client ID: test_client, Topic Prefix: test_prefix
2025-04-18 15:09:38,308 INFO Initializing MQTT Controller - Broker: tcp://localhost:1883, Client ID: test_client, Topic Prefix: test_prefix
2025-04-18 15:09:38,310 INFO Successfully connected to MQTT broker: tcp://localhost:1883
2025-04-18 15:09:38,310 INFO Disconnected from MQTT broker
2025-04-18 15:09:38,311 INFO Initializing MQTT Controller - Broker: tcp://localhost:1883, Client ID: test_client, Topic Prefix: test_prefix
2025-04-18 15:09:38,312 INFO Successfully connected to MQTT broker: tcp://localhost:1883
2025-04-18 15:09:38,312 INFO Disconnected from MQTT broker
2025-04-18 15:09:38,313 INFO Initializing MQTT Controller - Broker: tcp://localhost:1883, Client ID: test_client, Topic Prefix: test_prefix
2025-04-18 15:09:38,314 INFO Successfully connected to MQTT broker: tcp://localhost:1883
2025-04-18 15:09:38,315 INFO Initializing MQTT Controller - Broker: tcp://localhost:1883, Client ID: test_client, Topic Prefix: test_prefix
2025-04-18 15:09:38,317 INFO Initializing MQTT Controller - Broker: tcp://localhost:1883, Client ID: test_client, Topic Prefix: test_prefix
2025-04-18 15:09:38,318 INFO Initializing MQTT Controller - Broker: tcp://localhost:1883, Client ID: test_client, Topic Prefix: test_prefix
2025-04-18 15:09:38,320 INFO Initializing MQTT Controller - Broker: tcp://localhost:1883, Client ID: test_client, Topic Prefix: test_prefix
2025-04-18 15:09:38,327 ERROR Connection failure to tcp://localhost:1883: Test exception
java.lang.RuntimeException: Test exception
	at ece448.iot_hub.MqttControllerTest.testStartFailure(MqttControllerTest.java:165)
	at java.base/jdk.internal.reflect.NativeMethodAccessorImpl.invoke0(Native Method)
	at java.base/jdk.internal.reflect.NativeMethodAccessorImpl.invoke(NativeMethodAccessorImpl.java:62)
	at java.base/jdk.internal.reflect.DelegatingMethodAccessorImpl.invoke(DelegatingMethodAccessorImpl.java:43)
	at java.base/java.lang.reflect.Method.invoke(Method.java:566)
	at org.junit.runners.model.FrameworkMethod$1.runReflectiveCall(FrameworkMethod.java:59)
	at org.junit.internal.runners.model.ReflectiveCallable.run(ReflectiveCallable.java:12)
	at org.junit.runners.model.FrameworkMethod.invokeExplosively(FrameworkMethod.java:56)
	at org.junit.internal.runners.statements.InvokeMethod.evaluate(InvokeMethod.java:17)
	at org.junit.internal.runners.statements.RunBefores.evaluate(RunBefores.java:26)
	at org.junit.runners.ParentRunner$3.evaluate(ParentRunner.java:306)
	at org.junit.runners.BlockJUnit4ClassRunner$1.evaluate(BlockJUnit4ClassRunner.java:100)
	at org.junit.runners.ParentRunner.runLeaf(ParentRunner.java:366)
	at org.junit.runners.BlockJUnit4ClassRunner.runChild(BlockJUnit4ClassRunner.java:103)
	at org.junit.runners.BlockJUnit4ClassRunner.runChild(BlockJUnit4ClassRunner.java:63)
	at org.junit.runners.ParentRunner$4.run(ParentRunner.java:331)
	at org.junit.runners.ParentRunner$1.schedule(ParentRunner.java:79)
	at org.junit.runners.ParentRunner.runChildren(ParentRunner.java:329)
	at org.junit.runners.ParentRunner.access$100(ParentRunner.java:66)
	at org.junit.runners.ParentRunner$2.evaluate(ParentRunner.java:293)
	at org.junit.runners.ParentRunner$3.evaluate(ParentRunner.java:306)
	at org.junit.runners.ParentRunner.run(ParentRunner.java:413)
	at org.gradle.api.internal.tasks.testing.junit.JUnitTestClassExecutor.runTestClass(JUnitTestClassExecutor.java:110)
	at org.gradle.api.internal.tasks.testing.junit.JUnitTestClassExecutor.execute(JUnitTestClassExecutor.java:58)
	at org.gradle.api.internal.tasks.testing.junit.JUnitTestClassExecutor.execute(JUnitTestClassExecutor.java:38)
	at org.gradle.api.internal.tasks.testing.junit.AbstractJUnitTestClassProcessor.processTestClass(AbstractJUnitTestClassProcessor.java:62)
	at org.gradle.api.internal.tasks.testing.SuiteTestClassProcessor.processTestClass(SuiteTestClassProcessor.java:51)
	at java.base/jdk.internal.reflect.NativeMethodAccessorImpl.invoke0(Native Method)
	at java.base/jdk.internal.reflect.NativeMethodAccessorImpl.invoke(NativeMethodAccessorImpl.java:62)
	at java.base/jdk.internal.reflect.DelegatingMethodAccessorImpl.invoke(DelegatingMethodAccessorImpl.java:43)
	at java.base/java.lang.reflect.Method.invoke(Method.java:566)
	at org.gradle.internal.dispatch.ReflectionDispatch.dispatch(ReflectionDispatch.java:36)
	at org.gradle.internal.dispatch.ReflectionDispatch.dispatch(ReflectionDispatch.java:24)
	at org.gradle.internal.dispatch.ContextClassLoaderDispatch.dispatch(ContextClassLoaderDispatch.java:33)
	at org.gradle.internal.dispatch.ProxyDispatchAdapter$DispatchingInvocationHandler.invoke(ProxyDispatchAdapter.java:94)
	at com.sun.proxy.$Proxy5.processTestClass(Unknown Source)
	at org.gradle.api.internal.tasks.testing.worker.TestWorker.processTestClass(TestWorker.java:119)
	at java.base/jdk.internal.reflect.NativeMethodAccessorImpl.invoke0(Native Method)
	at java.base/jdk.internal.reflect.NativeMethodAccessorImpl.invoke(NativeMethodAccessorImpl.java:62)
	at java.base/jdk.internal.reflect.DelegatingMethodAccessorImpl.invoke(DelegatingMethodAccessorImpl.java:43)
	at java.base/java.lang.reflect.Method.invoke(Method.java:566)
	at org.gradle.internal.dispatch.ReflectionDispatch.dispatch(ReflectionDispatch.java:36)
	at org.gradle.internal.dispatch.ReflectionDispatch.dispatch(ReflectionDispatch.java:24)
	at org.gradle.internal.remote.internal.hub.MessageHubBackedObjectConnection$DispatchWrapper.dispatch(MessageHubBackedObjectConnection.java:182)
	at org.gradle.internal.remote.internal.hub.MessageHubBackedObjectConnection$DispatchWrapper.dispatch(MessageHubBackedObjectConnection.java:164)
	at org.gradle.internal.remote.internal.hub.MessageHub$Handler.run(MessageHub.java:414)
	at org.gradle.internal.concurrent.ExecutorPolicy$CatchAndRecordFailures.onExecute(ExecutorPolicy.java:64)
	at org.gradle.internal.concurrent.ManagedExecutorImpl$1.run(ManagedExecutorImpl.java:48)
	at java.base/java.util.concurrent.ThreadPoolExecutor.runWorker(ThreadPoolExecutor.java:1128)
	at java.base/java.util.concurrent.ThreadPoolExecutor$Worker.run(ThreadPoolExecutor.java:628)
	at org.gradle.internal.concurrent.ThreadFactoryImpl$ManagedThreadRunnable.run(ThreadFactoryImpl.java:56)
	at java.base/java.lang.Thread.run(Thread.java:829)
2025-04-18 15:09:38,331 INFO Initializing MQTT Controller - Broker: tcp://localhost:1883, Client ID: test_client, Topic Prefix: test_prefix
2025-04-18 15:09:38,332 INFO Successfully connected to MQTT broker: tcp://localhost:1883
2025-04-18 15:09:38,334 INFO Initializing MQTT Controller - Broker: tcp://localhost:1883, Client ID: test_client, Topic Prefix: test_prefix
2025-04-18 15:09:38,335 INFO Successfully connected to MQTT broker: tcp://localhost:1883
2025-04-18 15:09:38,335 WARN Publish failed - MQTT client not connected
2025-04-18 15:09:38,336 INFO Initializing MQTT Controller - Broker: tcp://localhost:1883, Client ID: test_client, Topic Prefix: test_prefix
2025-04-18 15:09:38,337 INFO Initializing MQTT Controller - Broker: tcp://localhost:1883, Client ID: test_client, Topic Prefix: test_prefix
2025-04-18 15:09:38,338 INFO Initializing MQTT Controller - Broker: tcp://localhost:1883, Client ID: test_client, Topic Prefix: test_prefix
2025-04-18 15:09:38,338 WARN Publish failed - MQTT client not connected
2025-04-18 15:09:38,340 INFO Initializing MQTT Controller - Broker: tcp://localhost:1883, Client ID: test_client, Topic Prefix: test_prefix
2025-04-18 15:09:38,341 INFO Initializing MQTT Controller - Broker: tcp://localhost:1883, Client ID: test_client, Topic Prefix: test_prefix
2025-04-18 15:09:38,341 INFO Successfully connected to MQTT broker: tcp://localhost:1883
2025-04-18 15:09:38,347 ERROR Publish error - Device: plug1, Action: on
org.eclipse.paho.client.mqttv3.MqttException: MqttException
	at ece448.iot_hub.MqttControllerTest.testPublishActionException(MqttControllerTest.java:243)
	at java.base/jdk.internal.reflect.NativeMethodAccessorImpl.invoke0(Native Method)
	at java.base/jdk.internal.reflect.NativeMethodAccessorImpl.invoke(NativeMethodAccessorImpl.java:62)
	at java.base/jdk.internal.reflect.DelegatingMethodAccessorImpl.invoke(DelegatingMethodAccessorImpl.java:43)
	at java.base/java.lang.reflect.Method.invoke(Method.java:566)
	at org.junit.runners.model.FrameworkMethod$1.runReflectiveCall(FrameworkMethod.java:59)
	at org.junit.internal.runners.model.ReflectiveCallable.run(ReflectiveCallable.java:12)
	at org.junit.runners.model.FrameworkMethod.invokeExplosively(FrameworkMethod.java:56)
	at org.junit.internal.runners.statements.InvokeMethod.evaluate(InvokeMethod.java:17)
	at org.junit.internal.runners.statements.RunBefores.evaluate(RunBefores.java:26)
	at org.junit.runners.ParentRunner$3.evaluate(ParentRunner.java:306)
	at org.junit.runners.BlockJUnit4ClassRunner$1.evaluate(BlockJUnit4ClassRunner.java:100)
	at org.junit.runners.ParentRunner.runLeaf(ParentRunner.java:366)
	at org.junit.runners.BlockJUnit4ClassRunner.runChild(BlockJUnit4ClassRunner.java:103)
	at org.junit.runners.BlockJUnit4ClassRunner.runChild(BlockJUnit4ClassRunner.java:63)
	at org.junit.runners.ParentRunner$4.run(ParentRunner.java:331)
	at org.junit.runners.ParentRunner$1.schedule(ParentRunner.java:79)
	at org.junit.runners.ParentRunner.runChildren(ParentRunner.java:329)
	at org.junit.runners.ParentRunner.access$100(ParentRunner.java:66)
	at org.junit.runners.ParentRunner$2.evaluate(ParentRunner.java:293)
	at org.junit.runners.ParentRunner$3.evaluate(ParentRunner.java:306)
	at org.junit.runners.ParentRunner.run(ParentRunner.java:413)
	at org.gradle.api.internal.tasks.testing.junit.JUnitTestClassExecutor.runTestClass(JUnitTestClassExecutor.java:110)
	at org.gradle.api.internal.tasks.testing.junit.JUnitTestClassExecutor.execute(JUnitTestClassExecutor.java:58)
	at org.gradle.api.internal.tasks.testing.junit.JUnitTestClassExecutor.execute(JUnitTestClassExecutor.java:38)
	at org.gradle.api.internal.tasks.testing.junit.AbstractJUnitTestClassProcessor.processTestClass(AbstractJUnitTestClassProcessor.java:62)
	at org.gradle.api.internal.tasks.testing.SuiteTestClassProcessor.processTestClass(SuiteTestClassProcessor.java:51)
	at java.base/jdk.internal.reflect.NativeMethodAccessorImpl.invoke0(Native Method)
	at java.base/jdk.internal.reflect.NativeMethodAccessorImpl.invoke(NativeMethodAccessorImpl.java:62)
	at java.base/jdk.internal.reflect.DelegatingMethodAccessorImpl.invoke(DelegatingMethodAccessorImpl.java:43)
	at java.base/java.lang.reflect.Method.invoke(Method.java:566)
	at org.gradle.internal.dispatch.ReflectionDispatch.dispatch(ReflectionDispatch.java:36)
	at org.gradle.internal.dispatch.ReflectionDispatch.dispatch(ReflectionDispatch.java:24)
	at org.gradle.internal.dispatch.ContextClassLoaderDispatch.dispatch(ContextClassLoaderDispatch.java:33)
	at org.gradle.internal.dispatch.ProxyDispatchAdapter$DispatchingInvocationHandler.invoke(ProxyDispatchAdapter.java:94)
	at com.sun.proxy.$Proxy5.processTestClass(Unknown Source)
	at org.gradle.api.internal.tasks.testing.worker.TestWorker.processTestClass(TestWorker.java:119)
	at java.base/jdk.internal.reflect.NativeMethodAccessorImpl.invoke0(Native Method)
	at java.base/jdk.internal.reflect.NativeMethodAccessorImpl.invoke(NativeMethodAccessorImpl.java:62)
	at java.base/jdk.internal.reflect.DelegatingMethodAccessorImpl.invoke(DelegatingMethodAccessorImpl.java:43)
	at java.base/java.lang.reflect.Method.invoke(Method.java:566)
	at org.gradle.internal.dispatch.ReflectionDispatch.dispatch(ReflectionDispatch.java:36)
	at org.gradle.internal.dispatch.ReflectionDispatch.dispatch(ReflectionDispatch.java:24)
	at org.gradle.internal.remote.internal.hub.MessageHubBackedObjectConnection$DispatchWrapper.dispatch(MessageHubBackedObjectConnection.java:182)
	at org.gradle.internal.remote.internal.hub.MessageHubBackedObjectConnection$DispatchWrapper.dispatch(MessageHubBackedObjectConnection.java:164)
	at org.gradle.internal.remote.internal.hub.MessageHub$Handler.run(MessageHub.java:414)
	at org.gradle.internal.concurrent.ExecutorPolicy$CatchAndRecordFailures.onExecute(ExecutorPolicy.java:64)
	at org.gradle.internal.concurrent.ManagedExecutorImpl$1.run(ManagedExecutorImpl.java:48)
	at java.base/java.util.concurrent.ThreadPoolExecutor.runWorker(ThreadPoolExecutor.java:1128)
	at java.base/java.util.concurrent.ThreadPoolExecutor$Worker.run(ThreadPoolExecutor.java:628)
	at org.gradle.internal.concurrent.ThreadFactoryImpl$ManagedThreadRunnable.run(ThreadFactoryImpl.java:56)
	at java.base/java.lang.Thread.run(Thread.java:829)
2025-04-18 15:09:38,353 INFO Initializing MQTT Controller - Broker: tcp://localhost:1883, Client ID: test_client, Topic Prefix: test_prefix
2025-04-18 15:09:38,354 INFO Initializing MQTT Controller - Broker: tcp://localhost:1883, Client ID: test_client, Topic Prefix: test_prefix
2025-04-18 15:09:38,356 INFO Initializing MQTT Controller - Broker: tcp://localhost:1883, Client ID: test_client, Topic Prefix: test_prefix
2025-04-18 15:09:38,356 INFO Initializing MQTT Controller - Broker: tcp://localhost:1883, Client ID: test_client, Topic Prefix: test_prefix
2025-04-18 15:09:38,357 INFO Successfully connected to MQTT broker: tcp://localhost:1883
2025-04-18 15:09:38,358 ERROR Disconnection error: MqttException
org.eclipse.paho.client.mqttv3.MqttException: MqttException
	at ece448.iot_hub.MqttControllerTest$2.disconnect(MqttControllerTest.java:509)
	at ece448.iot_hub.MqttController.close(MqttController.java:69)
	at ece448.iot_hub.MqttControllerTest.testCloseWithDisconnectException(MqttControllerTest.java:514)
	at java.base/jdk.internal.reflect.NativeMethodAccessorImpl.invoke0(Native Method)
	at java.base/jdk.internal.reflect.NativeMethodAccessorImpl.invoke(NativeMethodAccessorImpl.java:62)
	at java.base/jdk.internal.reflect.DelegatingMethodAccessorImpl.invoke(DelegatingMethodAccessorImpl.java:43)
	at java.base/java.lang.reflect.Method.invoke(Method.java:566)
	at org.junit.runners.model.FrameworkMethod$1.runReflectiveCall(FrameworkMethod.java:59)
	at org.junit.internal.runners.model.ReflectiveCallable.run(ReflectiveCallable.java:12)
	at org.junit.runners.model.FrameworkMethod.invokeExplosively(FrameworkMethod.java:56)
	at org.junit.internal.runners.statements.InvokeMethod.evaluate(InvokeMethod.java:17)
	at org.junit.internal.runners.statements.RunBefores.evaluate(RunBefores.java:26)
	at org.junit.runners.ParentRunner$3.evaluate(ParentRunner.java:306)
	at org.junit.runners.BlockJUnit4ClassRunner$1.evaluate(BlockJUnit4ClassRunner.java:100)
	at org.junit.runners.ParentRunner.runLeaf(ParentRunner.java:366)
	at org.junit.runners.BlockJUnit4ClassRunner.runChild(BlockJUnit4ClassRunner.java:103)
	at org.junit.runners.BlockJUnit4ClassRunner.runChild(BlockJUnit4ClassRunner.java:63)
	at org.junit.runners.ParentRunner$4.run(ParentRunner.java:331)
	at org.junit.runners.ParentRunner$1.schedule(ParentRunner.java:79)
	at org.junit.runners.ParentRunner.runChildren(ParentRunner.java:329)
	at org.junit.runners.ParentRunner.access$100(ParentRunner.java:66)
	at org.junit.runners.ParentRunner$2.evaluate(ParentRunner.java:293)
	at org.junit.runners.ParentRunner$3.evaluate(ParentRunner.java:306)
	at org.junit.runners.ParentRunner.run(ParentRunner.java:413)
	at org.gradle.api.internal.tasks.testing.junit.JUnitTestClassExecutor.runTestClass(JUnitTestClassExecutor.java:110)
	at org.gradle.api.internal.tasks.testing.junit.JUnitTestClassExecutor.execute(JUnitTestClassExecutor.java:58)
	at org.gradle.api.internal.tasks.testing.junit.JUnitTestClassExecutor.execute(JUnitTestClassExecutor.java:38)
	at org.gradle.api.internal.tasks.testing.junit.AbstractJUnitTestClassProcessor.processTestClass(AbstractJUnitTestClassProcessor.java:62)
	at org.gradle.api.internal.tasks.testing.SuiteTestClassProcessor.processTestClass(SuiteTestClassProcessor.java:51)
	at java.base/jdk.internal.reflect.NativeMethodAccessorImpl.invoke0(Native Method)
	at java.base/jdk.internal.reflect.NativeMethodAccessorImpl.invoke(NativeMethodAccessorImpl.java:62)
	at java.base/jdk.internal.reflect.DelegatingMethodAccessorImpl.invoke(DelegatingMethodAccessorImpl.java:43)
	at java.base/java.lang.reflect.Method.invoke(Method.java:566)
	at org.gradle.internal.dispatch.ReflectionDispatch.dispatch(ReflectionDispatch.java:36)
	at org.gradle.internal.dispatch.ReflectionDispatch.dispatch(ReflectionDispatch.java:24)
	at org.gradle.internal.dispatch.ContextClassLoaderDispatch.dispatch(ContextClassLoaderDispatch.java:33)
	at org.gradle.internal.dispatch.ProxyDispatchAdapter$DispatchingInvocationHandler.invoke(ProxyDispatchAdapter.java:94)
	at com.sun.proxy.$Proxy5.processTestClass(Unknown Source)
	at org.gradle.api.internal.tasks.testing.worker.TestWorker.processTestClass(TestWorker.java:119)
	at java.base/jdk.internal.reflect.NativeMethodAccessorImpl.invoke0(Native Method)
	at java.base/jdk.internal.reflect.NativeMethodAccessorImpl.invoke(NativeMethodAccessorImpl.java:62)
	at java.base/jdk.internal.reflect.DelegatingMethodAccessorImpl.invoke(DelegatingMethodAccessorImpl.java:43)
	at java.base/java.lang.reflect.Method.invoke(Method.java:566)
	at org.gradle.internal.dispatch.ReflectionDispatch.dispatch(ReflectionDispatch.java:36)
	at org.gradle.internal.dispatch.ReflectionDispatch.dispatch(ReflectionDispatch.java:24)
	at org.gradle.internal.remote.internal.hub.MessageHubBackedObjectConnection$DispatchWrapper.dispatch(MessageHubBackedObjectConnection.java:182)
	at org.gradle.internal.remote.internal.hub.MessageHubBackedObjectConnection$DispatchWrapper.dispatch(MessageHubBackedObjectConnection.java:164)
	at org.gradle.internal.remote.internal.hub.MessageHub$Handler.run(MessageHub.java:414)
	at org.gradle.internal.concurrent.ExecutorPolicy$CatchAndRecordFailures.onExecute(ExecutorPolicy.java:64)
	at org.gradle.internal.concurrent.ManagedExecutorImpl$1.run(ManagedExecutorImpl.java:48)
	at java.base/java.util.concurrent.ThreadPoolExecutor.runWorker(ThreadPoolExecutor.java:1128)
	at java.base/java.util.concurrent.ThreadPoolExecutor$Worker.run(ThreadPoolExecutor.java:628)
	at org.gradle.internal.concurrent.ThreadFactoryImpl$ManagedThreadRunnable.run(ThreadFactoryImpl.java:56)
	at java.base/java.lang.Thread.run(Thread.java:829)
2025-04-18 15:09:38,362 INFO Initializing MQTT Controller - Broker: tcp://localhost:1883, Client ID: test_client, Topic Prefix: test_prefix
2025-04-18 15:09:38,363 INFO Initializing MQTT Controller - Broker: tcp://localhost:1883, Client ID: test_client, Topic Prefix: test_prefix
2025-04-18 15:09:38,364 INFO Initializing MQTT Controller - Broker: tcp://localhost:1883, Client ID: test_client, Topic Prefix: test_prefix
2025-04-18 15:09:38,365 INFO Initializing MQTT Controller - Broker: tcp://localhost:1883, Client ID: test_client, Topic Prefix: test_prefix
2025-04-18 15:09:38,366 INFO Initializing MQTT Controller - Broker: tcp://localhost:1883, Client ID: test_client, Topic Prefix: test_prefix
2025-04-18 15:09:38,367 INFO Initializing MQTT Controller - Broker: broker, Client ID: clientId, Topic Prefix: prefix
2025-04-18 15:09:38,367 INFO Successfully connected to MQTT broker: broker
]]></system-out>
  <system-err><![CDATA[]]></system-err>
</testsuite>
