<?xml version="1.0" encoding="UTF-8"?>
<testsuite name="ece448.iot_sim.PlugSimTests" tests="3" skipped="0" failures="0" errors="0" timestamp="2025-01-31T01:42:24" hostname="iit" time="0.236">
  <properties/>
  <testcase name="testSwitchOff" classname="ece448.iot_sim.PlugSimTests" time="0.235"/>
  <testcase name="testInit" classname="ece448.iot_sim.PlugSimTests" time="0.001"/>
  <testcase name="testSwitchOn" classname="ece448.iot_sim.PlugSimTests" time="0.0"/>
  <system-out><![CDATA[]]></system-out>
  <system-err><![CDATA[]]></system-err>
</testsuite>
