<?xml version="1.0" encoding="UTF-8"?>
<testsuite name="ece448.iot_sim.MQTTCommandsTest" tests="6" skipped="0" failures="0" errors="0" timestamp="2025-04-14T05:02:15" hostname="iit" time="2.004">
  <properties/>
  <testcase name="testMQTTUpdatesGetTopic" classname="ece448.iot_sim.MQTTCommandsTest" time="0.416"/>
  <testcase name="testGetTopic" classname="ece448.iot_sim.MQTTCommandsTest" time="0.314"/>
  <testcase name="testMQTTUpdatesGetMessage" classname="ece448.iot_sim.MQTTCommandsTest" time="0.325"/>
  <testcase name="testMQTTUpdatesGetMessageDifferentValue" classname="ece448.iot_sim.MQTTCommandsTest" time="0.315"/>
  <testcase name="testHandleMessageInvalidTopic" classname="ece448.iot_sim.MQTTCommandsTest" time="0.317"/>
  <testcase name="testHandleMessageNonexistentPlug" classname="ece448.iot_sim.MQTTCommandsTest" time="0.314"/>
  <system-out><![CDATA[2025-04-14 00:02:17,191 WARN Invalid topic format: invalid/topic
2025-04-14 00:02:17,504 WARN Plug not found: nonexistent
]]></system-out>
  <system-err><![CDATA[]]></system-err>
</testsuite>
