<?xml version="1.0" encoding="UTF-8"?>
<testsuite name="ece448.iot_hub.GroupsResourceTest" tests="5" skipped="0" failures="0" errors="0" timestamp="2025-04-18T20:09:38" hostname="iit" time="0.009">
  <properties/>
  <testcase name="testGetAllMultipleGroups" classname="ece448.iot_hub.GroupsResourceTest" time="0.005"/>
  <testcase name="testPostCreatesGroup" classname="ece448.iot_hub.GroupsResourceTest" time="0.001"/>
  <testcase name="testDeleteGroup" classname="ece448.iot_hub.GroupsResourceTest" time="0.001"/>
  <testcase name="testGetReturnsGroup" classname="ece448.iot_hub.GroupsResourceTest" time="0.001"/>
  <testcase name="testGroupControlThroughGet" classname="ece448.iot_hub.GroupsResourceTest" time="0.001"/>
  <system-out><![CDATA[2025-04-18 15:09:38,158 INFO Group management module activated
2025-04-18 15:09:38,159 INFO GroupsResource has been initialized
2025-04-18 15:09:38,160 INFO Group 'g1' created or updated with plugs [plug1]
2025-04-18 15:09:38,160 INFO Group 'g2' created or updated with plugs [plug2]
2025-04-18 15:09:38,161 INFO Fetched all groups: [{name=g1, members=[{name=plug1, state=on, power=10.0}]}, {name=g2, members=[{name=plug2, state=on, power=10.0}]}]
2025-04-18 15:09:38,162 INFO Group management module activated
2025-04-18 15:09:38,163 INFO GroupsResource has been initialized
2025-04-18 15:09:38,163 INFO Group 'grp' created or updated with plugs [plug1, plug2]
2025-04-18 15:09:38,164 INFO Group management module activated
2025-04-18 15:09:38,164 INFO GroupsResource has been initialized
2025-04-18 15:09:38,164 INFO Group 'tbd' created or updated with plugs [plug1]
2025-04-18 15:09:38,164 INFO Group 'tbd' has been removed
2025-04-18 15:09:38,165 INFO Group management module activated
2025-04-18 15:09:38,165 INFO GroupsResource has been initialized
2025-04-18 15:09:38,165 INFO Group 'grp' created or updated with plugs [plug1]
2025-04-18 15:09:38,165 INFO Group 'grp' fetched with response {name=grp, members=[{name=plug1, state=on, power=10.0}]}
2025-04-18 15:09:38,166 INFO Group management module activated
2025-04-18 15:09:38,166 INFO GroupsResource has been initialized
2025-04-18 15:09:38,166 INFO Group 'controlTest' created or updated with plugs [plug1]
2025-04-18 15:09:38,167 INFO Action 'toggle' triggered on group 'controlTest'
2025-04-18 15:09:38,167 INFO Group 'controlTest' fetched with response {name=controlTest, members=[{name=plug1, state=on, power=10.0}]}
]]></system-out>
  <system-err><![CDATA[]]></system-err>
</testsuite>
