<?xml version="1.0" encoding="UTF-8"?>
<testsuite name="ece448.iot_sim.PlugSimTests" tests="11" skipped="0" failures="0" errors="0" timestamp="2025-05-05T03:45:11" hostname="iit" time="0.208">
  <properties/>
  <testcase name="testSwitchOff" classname="ece448.iot_sim.PlugSimTests" time="0.188"/>
  <testcase name="testPowerRemainsZeroWhenOff" classname="ece448.iot_sim.PlugSimTests" time="0.002"/>
  <testcase name="testInvalidPowerValueInName" classname="ece448.iot_sim.PlugSimTests" time="0.008"/>
  <testcase name="testPowerUpdateBasedOnName" classname="ece448.iot_sim.PlugSimTests" time="0.003"/>
  <testcase name="testInit" classname="ece448.iot_sim.PlugSimTests" time="0.001"/>
  <testcase name="testGetName" classname="ece448.iot_sim.PlugSimTests" time="0.0"/>
  <testcase name="testSwitchOn" classname="ece448.iot_sim.PlugSimTests" time="0.001"/>
  <testcase name="testPowerDecreasesWhenAbove300" classname="ece448.iot_sim.PlugSimTests" time="0.0"/>
  <testcase name="testMeasurePowerWhenOff" classname="ece448.iot_sim.PlugSimTests" time="0.001"/>
  <testcase name="testToggle" classname="ece448.iot_sim.PlugSimTests" time="0.001"/>
  <testcase name="testPowerFLuctuationRange" classname="ece448.iot_sim.PlugSimTests" time="0.001"/>
  <system-out><![CDATA[2025-05-04 22:45:12,129 WARN Invalid plug name format: plug.invalid
2025-05-04 22:45:12,136 INFO Plug plug.invalid switched ON
2025-05-04 22:45:12,136 WARN Invalid plug name format: plug.invalid
2025-05-04 22:45:12,139 INFO Plug test.200 switched ON
2025-05-04 22:45:12,142 INFO Plug a switched ON
2025-05-04 22:45:12,142 INFO Plug plug switched ON
2025-05-04 22:45:12,143 INFO Plug a switched ON
2025-05-04 22:45:12,144 INFO Plug a switched OFF
2025-05-04 22:45:12,144 INFO Plug a switched ON
]]></system-out>
  <system-err><![CDATA[]]></system-err>
</testsuite>
