<?xml version="1.0" encoding="UTF-8"?>
<testsuite name="ece448.iot_hub.PlugsModelTest" tests="10" skipped="0" failures="0" errors="0" timestamp="2025-04-18T20:09:38" hostname="iit" time="0.006">
  <properties/>
  <testcase name="testGetAllPlugsWithBothStateAndPower" classname="ece448.iot_hub.PlugsModelTest" time="0.001"/>
  <testcase name="testGetAllPlugsWithOverlappingPlugs" classname="ece448.iot_hub.PlugsModelTest" time="0.0"/>
  <testcase name="testCreatePlugWithStateAndPower" classname="ece448.iot_hub.PlugsModelTest" time="0.001"/>
  <testcase name="testCreatePlugWithNullPower" classname="ece448.iot_hub.PlugsModelTest" time="0.0"/>
  <testcase name="testCreatePlugWithNullState" classname="ece448.iot_hub.PlugsModelTest" time="0.001"/>
  <testcase name="testCreatePlugWithNullStateAndPower" classname="ece448.iot_hub.PlugsModelTest" time="0.0"/>
  <testcase name="testGetAllPlugsEmpty" classname="ece448.iot_hub.PlugsModelTest" time="0.0"/>
  <testcase name="testGetAllPlugsWithOnlyPowers" classname="ece448.iot_hub.PlugsModelTest" time="0.0"/>
  <testcase name="testControlPlug" classname="ece448.iot_hub.PlugsModelTest" time="0.001"/>
  <testcase name="testGetAllPlugsWithOnlyStates" classname="ece448.iot_hub.PlugsModelTest" time="0.001"/>
  <system-out><![CDATA[2025-04-18 15:09:38,373 INFO Initializing MQTT Controller - Broker: tcp://localhost:1883, Client ID: test_client, Topic Prefix: test_prefix
2025-04-18 15:09:38,374 INFO Initializing MQTT Controller - Broker: tcp://localhost:1883, Client ID: test_client, Topic Prefix: test_prefix
2025-04-18 15:09:38,375 INFO Initializing MQTT Controller - Broker: tcp://localhost:1883, Client ID: test_client, Topic Prefix: test_prefix
2025-04-18 15:09:38,376 INFO Initializing MQTT Controller - Broker: tcp://localhost:1883, Client ID: test_client, Topic Prefix: test_prefix
2025-04-18 15:09:38,376 INFO Initializing MQTT Controller - Broker: tcp://localhost:1883, Client ID: test_client, Topic Prefix: test_prefix
2025-04-18 15:09:38,376 INFO Initializing MQTT Controller - Broker: tcp://localhost:1883, Client ID: test_client, Topic Prefix: test_prefix
2025-04-18 15:09:38,376 INFO Initializing MQTT Controller - Broker: tcp://localhost:1883, Client ID: test_client, Topic Prefix: test_prefix
2025-04-18 15:09:38,377 INFO Initializing MQTT Controller - Broker: tcp://localhost:1883, Client ID: test_client, Topic Prefix: test_prefix
2025-04-18 15:09:38,377 INFO Initializing MQTT Controller - Broker: tcp://localhost:1883, Client ID: test_client, Topic Prefix: test_prefix
2025-04-18 15:09:38,378 INFO Initializing MQTT Controller - Broker: tcp://localhost:1883, Client ID: test_client, Topic Prefix: test_prefix
]]></system-out>
  <system-err><![CDATA[]]></system-err>
</testsuite>
