<?xml version="1.0" encoding="UTF-8"?>
<testsuite name="ece448.iot_sim.PlugSimTests" tests="11" skipped="0" failures="0" errors="0" timestamp="2025-04-14T05:59:29" hostname="iit" time="0.246">
  <properties/>
  <testcase name="testSwitchOff" classname="ece448.iot_sim.PlugSimTests" time="0.231"/>
  <testcase name="testPowerRemainsZeroWhenOff" classname="ece448.iot_sim.PlugSimTests" time="0.001"/>
  <testcase name="testInvalidPowerValueInName" classname="ece448.iot_sim.PlugSimTests" time="0.006"/>
  <testcase name="testPowerUpdateBasedOnName" classname="ece448.iot_sim.PlugSimTests" time="0.002"/>
  <testcase name="testInit" classname="ece448.iot_sim.PlugSimTests" time="0.0"/>
  <testcase name="testGetName" classname="ece448.iot_sim.PlugSimTests" time="0.0"/>
  <testcase name="testSwitchOn" classname="ece448.iot_sim.PlugSimTests" time="0.001"/>
  <testcase name="testPowerDecreasesWhenAbove300" classname="ece448.iot_sim.PlugSimTests" time="0.001"/>
  <testcase name="testMeasurePowerWhenOff" classname="ece448.iot_sim.PlugSimTests" time="0.0"/>
  <testcase name="testToggle" classname="ece448.iot_sim.PlugSimTests" time="0.0"/>
  <testcase name="testPowerFLuctuationRange" classname="ece448.iot_sim.PlugSimTests" time="0.001"/>
  <system-out><![CDATA[2025-04-14 00:59:30,127 WARN Invalid plug name format: plug.invalid
2025-04-14 00:59:30,130 INFO Plug plug.invalid switched ON
2025-04-14 00:59:30,131 WARN Invalid plug name format: plug.invalid
2025-04-14 00:59:30,133 INFO Plug test.200 switched ON
2025-04-14 00:59:30,135 INFO Plug a switched ON
2025-04-14 00:59:30,135 INFO Plug plug switched ON
2025-04-14 00:59:30,137 INFO Plug a switched ON
2025-04-14 00:59:30,137 INFO Plug a switched OFF
2025-04-14 00:59:30,138 INFO Plug a switched ON
]]></system-out>
  <system-err><![CDATA[]]></system-err>
</testsuite>
