<?xml version="1.0" encoding="UTF-8"?>
<testsuite name="ece448.iot_hub.PlugsModelTest" tests="10" skipped="0" failures="0" errors="0" timestamp="2025-05-08T03:59:13" hostname="iit" time="0.005">
  <properties/>
  <testcase name="testGetAllPlugsWithBothStateAndPower" classname="ece448.iot_hub.PlugsModelTest" time="0.001"/>
  <testcase name="testGetAllPlugsWithOverlappingPlugs" classname="ece448.iot_hub.PlugsModelTest" time="0.001"/>
  <testcase name="testCreatePlugWithStateAndPower" classname="ece448.iot_hub.PlugsModelTest" time="0.0"/>
  <testcase name="testCreatePlugWithNullPower" classname="ece448.iot_hub.PlugsModelTest" time="0.001"/>
  <testcase name="testCreatePlugWithNullState" classname="ece448.iot_hub.PlugsModelTest" time="0.0"/>
  <testcase name="testCreatePlugWithNullStateAndPower" classname="ece448.iot_hub.PlugsModelTest" time="0.0"/>
  <testcase name="testGetAllPlugsEmpty" classname="ece448.iot_hub.PlugsModelTest" time="0.001"/>
  <testcase name="testGetAllPlugsWithOnlyPowers" classname="ece448.iot_hub.PlugsModelTest" time="0.0"/>
  <testcase name="testControlPlug" classname="ece448.iot_hub.PlugsModelTest" time="0.0"/>
  <testcase name="testGetAllPlugsWithOnlyStates" classname="ece448.iot_hub.PlugsModelTest" time="0.001"/>
  <system-out><![CDATA[2025-05-07 22:59:13,853 INFO Initializing MQTT Controller - Broker: tcp://localhost:1883, Client ID: test_client, Topic Prefix: test_prefix
2025-05-07 22:59:13,855 INFO Initializing MQTT Controller - Broker: tcp://localhost:1883, Client ID: test_client, Topic Prefix: test_prefix
2025-05-07 22:59:13,855 INFO Initializing MQTT Controller - Broker: tcp://localhost:1883, Client ID: test_client, Topic Prefix: test_prefix
2025-05-07 22:59:13,856 INFO Initializing MQTT Controller - Broker: tcp://localhost:1883, Client ID: test_client, Topic Prefix: test_prefix
2025-05-07 22:59:13,856 INFO Initializing MQTT Controller - Broker: tcp://localhost:1883, Client ID: test_client, Topic Prefix: test_prefix
2025-05-07 22:59:13,856 INFO Initializing MQTT Controller - Broker: tcp://localhost:1883, Client ID: test_client, Topic Prefix: test_prefix
2025-05-07 22:59:13,857 INFO Initializing MQTT Controller - Broker: tcp://localhost:1883, Client ID: test_client, Topic Prefix: test_prefix
2025-05-07 22:59:13,857 INFO Initializing MQTT Controller - Broker: tcp://localhost:1883, Client ID: test_client, Topic Prefix: test_prefix
2025-05-07 22:59:13,857 INFO Initializing MQTT Controller - Broker: tcp://localhost:1883, Client ID: test_client, Topic Prefix: test_prefix
2025-05-07 22:59:13,858 INFO Initializing MQTT Controller - Broker: tcp://localhost:1883, Client ID: test_client, Topic Prefix: test_prefix
]]></system-out>
  <system-err><![CDATA[]]></system-err>
</testsuite>
