<?xml version="1.0" encoding="UTF-8"?>
<testsuite name="ece448.iot_sim.HTTPCommandsTests" tests="10" skipped="0" failures="0" errors="0" timestamp="2025-05-08T03:59:13" hostname="iit" time="0.039">
  <properties/>
  <testcase name="testSwitchOnPlug" classname="ece448.iot_sim.HTTPCommandsTests" time="0.009"/>
  <testcase name="testTogglePlug" classname="ece448.iot_sim.HTTPCommandsTests" time="0.004"/>
  <testcase name="testReportAfterSwitchOn" classname="ece448.iot_sim.HTTPCommandsTests" time="0.005"/>
  <testcase name="testReportAfterToggle" classname="ece448.iot_sim.HTTPCommandsTests" time="0.005"/>
  <testcase name="testListPlugs" classname="ece448.iot_sim.HTTPCommandsTests" time="0.002"/>
  <testcase name="testTogglePlugTwice" classname="ece448.iot_sim.HTTPCommandsTests" time="0.005"/>
  <testcase name="testInvalidAction" classname="ece448.iot_sim.HTTPCommandsTests" time="0.002"/>
  <testcase name="testNonExistingPlug" classname="ece448.iot_sim.HTTPCommandsTests" time="0.001"/>
  <testcase name="testReportSinglePlug" classname="ece448.iot_sim.HTTPCommandsTests" time="0.001"/>
  <testcase name="testSwitchOffPlug" classname="ece448.iot_sim.HTTPCommandsTests" time="0.003"/>
  <system-out><![CDATA[2025-05-07 22:59:13,239 INFO HTTPCmd /testPlug: {action=on}
2025-05-07 22:59:13,241 INFO Plug testPlug switched ON
2025-05-07 22:59:13,244 INFO HTTPCmd /testPlug: {action=toggle}
2025-05-07 22:59:13,245 INFO Plug testPlug switched ON
2025-05-07 22:59:13,248 INFO HTTPCmd /testPlug: {action=on}
2025-05-07 22:59:13,250 INFO Plug testPlug switched ON
2025-05-07 22:59:13,251 INFO HTTPCmd /testPlug: {}
2025-05-07 22:59:13,254 INFO HTTPCmd /testPlug: {action=toggle}
2025-05-07 22:59:13,255 INFO Plug testPlug switched ON
2025-05-07 22:59:13,256 INFO HTTPCmd /testPlug: {}
2025-05-07 22:59:13,259 INFO HTTPCmd /: {}
2025-05-07 22:59:13,261 INFO HTTPCmd /testPlug: {action=toggle}
2025-05-07 22:59:13,262 INFO Plug testPlug switched ON
2025-05-07 22:59:13,263 INFO HTTPCmd /testPlug: {action=toggle}
2025-05-07 22:59:13,264 INFO Plug testPlug switched OFF
2025-05-07 22:59:13,266 INFO HTTPCmd /testPlug: {action=invalidAction}
2025-05-07 22:59:13,267 INFO HTTPCmd /unknownPlug: {}
2025-05-07 22:59:13,269 INFO HTTPCmd /testPlug: {}
2025-05-07 22:59:13,271 INFO Plug testPlug switched ON
2025-05-07 22:59:13,271 INFO HTTPCmd /testPlug: {action=off}
2025-05-07 22:59:13,272 INFO Plug testPlug switched OFF
]]></system-out>
  <system-err><![CDATA[]]></system-err>
</testsuite>
